2025-06-05 15:29:39,454 - WARNING - Compiled the loaded model, but the compiled metrics have yet to be built. `model.compile_metrics` will be empty until you train or evaluate the model.
2025-06-05 15:29:39,654 - WARNING - Compiled the loaded model, but the compiled metrics have yet to be built. `model.compile_metrics` will be empty until you train or evaluate the model.
2025-06-05 15:30:20,724 - WARNING - Compiled the loaded model, but the compiled metrics have yet to be built. `model.compile_metrics` will be empty until you train or evaluate the model.
2025-06-05 15:30:20,917 - WARNING - Compiled the loaded model, but the compiled metrics have yet to be built. `model.compile_metrics` will be empty until you train or evaluate the model.
2025-06-05 15:31:18,947 - WARNING - Compiled the loaded model, but the compiled metrics have yet to be built. `model.compile_metrics` will be empty until you train or evaluate the model.
2025-06-05 15:31:19,225 - WARNING - Compiled the loaded model, but the compiled metrics have yet to be built. `model.compile_metrics` will be empty until you train or evaluate the model.
2025-06-05 15:55:23,479 - INFO - Prediction made: {'fraud_detected': True, 'dense_score': 0.0, 'autoencoder_error': 18.75460582732102, 'lstm_score': 0.3460176885128021}
2025-06-06 12:52:09,465 - WARNING - Compiled the loaded model, but the compiled metrics have yet to be built. `model.compile_metrics` will be empty until you train or evaluate the model.
2025-06-06 12:52:09,706 - WARNING - Compiled the loaded model, but the compiled metrics have yet to be built. `model.compile_metrics` will be empty until you train or evaluate the model.
2025-06-06 12:56:30,279 - WARNING - Compiled the loaded model, but the compiled metrics have yet to be built. `model.compile_metrics` will be empty until you train or evaluate the model.
2025-06-06 12:56:30,556 - WARNING - Compiled the loaded model, but the compiled metrics have yet to be built. `model.compile_metrics` will be empty until you train or evaluate the model.
2025-06-06 13:49:16,486 - WARNING - Compiled the loaded model, but the compiled metrics have yet to be built. `model.compile_metrics` will be empty until you train or evaluate the model.
2025-06-06 13:49:16,813 - WARNING - Compiled the loaded model, but the compiled metrics have yet to be built. `model.compile_metrics` will be empty until you train or evaluate the model.
2025-06-06 18:45:39,286 - WARNING - Compiled the loaded model, but the compiled metrics have yet to be built. `model.compile_metrics` will be empty until you train or evaluate the model.
2025-06-06 18:45:40,509 - WARNING - Compiled the loaded model, but the compiled metrics have yet to be built. `model.compile_metrics` will be empty until you train or evaluate the model.
2025-06-06 18:55:21,250 - WARNING - Compiled the loaded model, but the compiled metrics have yet to be built. `model.compile_metrics` will be empty until you train or evaluate the model.
2025-06-06 18:55:21,501 - WARNING - Compiled the loaded model, but the compiled metrics have yet to be built. `model.compile_metrics` will be empty until you train or evaluate the model.
2025-06-06 19:03:39,377 - WARNING - Compiled the loaded model, but the compiled metrics have yet to be built. `model.compile_metrics` will be empty until you train or evaluate the model.
2025-06-06 19:03:39,653 - WARNING - Compiled the loaded model, but the compiled metrics have yet to be built. `model.compile_metrics` will be empty until you train or evaluate the model.
2025-06-06 19:06:40,686 - WARNING - Compiled the loaded model, but the compiled metrics have yet to be built. `model.compile_metrics` will be empty until you train or evaluate the model.
2025-06-06 19:06:40,969 - WARNING - Compiled the loaded model, but the compiled metrics have yet to be built. `model.compile_metrics` will be empty until you train or evaluate the model.
2025-06-06 20:36:39,121 - WARNING - Compiled the loaded model, but the compiled metrics have yet to be built. `model.compile_metrics` will be empty until you train or evaluate the model.
2025-06-06 20:36:39,418 - WARNING - Compiled the loaded model, but the compiled metrics have yet to be built. `model.compile_metrics` will be empty until you train or evaluate the model.
2025-06-06 20:42:59,138 - WARNING - Compiled the loaded model, but the compiled metrics have yet to be built. `model.compile_metrics` will be empty until you train or evaluate the model.
2025-06-06 20:43:04,900 - WARNING - Compiled the loaded model, but the compiled metrics have yet to be built. `model.compile_metrics` will be empty until you train or evaluate the model.
2025-06-06 20:48:23,605 - INFO - Single prediction: input=[0.0, 0.0, 0.0, 0.0, 0.0, 0.0, 0.0, 0.0, 0.0, 0.0, 0.0, 0.0, 0.0, 0.0, 0.0, 0.0, 0.04, 0.0, 0.0, 0.03, 0.0, 0.0, 0.03, 0.0, 0.0, 0.05, 0.0, 0.0, 0.02], result={'fraud_detected': False, 'dense_score': 0.26291975378990173, 'autoencoder_error': 0.054464528499388556, 'lstm_score': 0.36936312913894653}
2025-06-06 20:48:56,827 - INFO - Single prediction: input=[0.0, 0.0, 0.0, 0.0, 0.0, 0.0, 0.0, 0.0, 0.0, 0.0, 0.0, 0.0, 0.0, 0.0, 0.0, 0.0, 0.04, 0.0, 0.0, 0.03, 0.0, 0.0, 0.03, 0.0, 0.0, 0.08, 0.0, 0.0, 0.05], result={'fraud_detected': False, 'dense_score': 0.22230683267116547, 'autoencoder_error': 0.05488693725260327, 'lstm_score': 0.3693413734436035}
2025-06-06 20:49:13,969 - INFO - Single prediction: input=[0.0, 0.0, 0.0, 0.0, 0.0, 0.0, 0.0, 0.0, 0.0, 0.0, 0.0, 0.0, 0.0, 0.0, 0.0, 0.0, 0.04, 0.0, 0.0, 0.03, 0.0, 0.0, 0.03, 0.0, 0.0, 0.08, 0.0, 0.0, 0.05], result={'fraud_detected': False, 'dense_score': 0.22230683267116547, 'autoencoder_error': 0.05488693725260327, 'lstm_score': 0.3693413734436035}
2025-06-06 21:25:16,416 - WARNING - Compiled the loaded model, but the compiled metrics have yet to be built. `model.compile_metrics` will be empty until you train or evaluate the model.
2025-06-06 21:25:16,693 - WARNING - Compiled the loaded model, but the compiled metrics have yet to be built. `model.compile_metrics` will be empty until you train or evaluate the model.
2025-06-06 21:28:19,402 - WARNING - Compiled the loaded model, but the compiled metrics have yet to be built. `model.compile_metrics` will be empty until you train or evaluate the model.
2025-06-06 21:28:19,902 - WARNING - Compiled the loaded model, but the compiled metrics have yet to be built. `model.compile_metrics` will be empty until you train or evaluate the model.
2025-06-06 21:34:10,470 - INFO - Single prediction: input=[0.0, 0.0, 0.0, 0.0, 0.0, 0.0, 0.0, 0.0, 0.0, 0.0, 0.0, 0.0, 0.0, 0.0, 0.0, 0.0, 0.0, 0.0, 0.0, 0.0, 0.0, 0.0, 0.0, 0.0, 0.0, 0.0, 0.0, 0.0, 0.0], result={'fraud_detected': False, 'dense_score': 0.3951365649700165, 'autoencoder_error': 0.052231761109503665, 'lstm_score': 0.3694218695163727}
2025-06-06 21:34:21,573 - INFO - Single prediction: input=[0.0, 0.0, 0.0, 0.0, 0.0, 0.0, 0.0, 0.0, 0.0, 0.0, 0.0, 0.0, 0.0, 0.0, 0.0, 0.0, 0.0, 0.0, 0.0, 0.0, 0.0, 0.0, 0.0, 0.0, 0.0, 0.0, 0.0, 0.0, 0.0], result={'fraud_detected': False, 'dense_score': 0.3951365649700165, 'autoencoder_error': 0.052231761109503665, 'lstm_score': 0.3694218695163727}
2025-06-07 13:14:13,901 - WARNING - Compiled the loaded model, but the compiled metrics have yet to be built. `model.compile_metrics` will be empty until you train or evaluate the model.
2025-06-07 13:14:14,096 - WARNING - Compiled the loaded model, but the compiled metrics have yet to be built. `model.compile_metrics` will be empty until you train or evaluate the model.
2025-06-07 13:18:02,230 - WARNING - Compiled the loaded model, but the compiled metrics have yet to be built. `model.compile_metrics` will be empty until you train or evaluate the model.
2025-06-07 13:18:02,437 - WARNING - Compiled the loaded model, but the compiled metrics have yet to be built. `model.compile_metrics` will be empty until you train or evaluate the model.
2025-06-07 13:20:48,687 - INFO - Single prediction: input=[0.0, 0.0, 0.0, 0.0, 0.0, 0.0, 0.0, 0.0, 0.0, 0.0, 0.0, 0.0, 0.0, 0.0, 0.0, 0.0, 0.0, 0.0, 0.0, 0.0, 0.0, 0.0, 0.0, 0.0, 0.0, 0.0, 0.0, 0.0, 0.0], result={'fraud_detected': False, 'dense_score': 0.3951365649700165, 'autoencoder_error': 0.052231761109503665, 'lstm_score': 0.3694218695163727}
2025-06-07 13:57:21,311 - INFO - Single prediction: input=[0.0, 0.0, 0.0, 0.0, 0.0, 0.0, 0.0, 0.0, 0.0, 0.0, 0.0, 0.0, 0.0, 0.0, 0.0, 0.0, 0.0, 0.0, 0.0, 0.0, 0.0, 0.0, 0.0, 0.0, 0.0, 0.0, 0.0, 0.0, 0.0], result={'fraud_detected': False, 'dense_score': 0.3951365649700165, 'autoencoder_error': 0.052231761109503665, 'lstm_score': 0.3694218695163727}
2025-06-07 13:57:31,153 - INFO - Single prediction: input=[0.0, 0.0, 0.0, 0.0, 0.0, 0.0, 0.0, 0.0, 0.0, 0.0, 0.0, 0.0, 0.0, 0.0, 0.0, 0.0, 0.0, 0.0, 0.0, 0.0, 0.0, 0.0, 0.0, 0.0, 0.0, 0.0, 0.0, 0.0, 0.0], result={'fraud_detected': False, 'dense_score': 0.3951365649700165, 'autoencoder_error': 0.052231761109503665, 'lstm_score': 0.3694218695163727}
2025-06-07 14:13:22,509 - WARNING - Compiled the loaded model, but the compiled metrics have yet to be built. `model.compile_metrics` will be empty until you train or evaluate the model.
2025-06-07 14:13:22,778 - WARNING - Compiled the loaded model, but the compiled metrics have yet to be built. `model.compile_metrics` will be empty until you train or evaluate the model.
2025-06-07 14:14:49,180 - WARNING - Compiled the loaded model, but the compiled metrics have yet to be built. `model.compile_metrics` will be empty until you train or evaluate the model.
2025-06-07 14:14:49,390 - WARNING - Compiled the loaded model, but the compiled metrics have yet to be built. `model.compile_metrics` will be empty until you train or evaluate the model.
2025-06-07 14:15:25,966 - WARNING - Compiled the loaded model, but the compiled metrics have yet to be built. `model.compile_metrics` will be empty until you train or evaluate the model.
2025-06-07 14:15:26,216 - WARNING - Compiled the loaded model, but the compiled metrics have yet to be built. `model.compile_metrics` will be empty until you train or evaluate the model.
2025-06-07 14:16:05,832 - INFO - Single prediction: input=[0.0, 0.0, 0.0, 0.0, 0.0, 0.0, 0.0, 0.0, 0.0, 0.0, 0.0, 0.0, 0.0, 0.0, 0.0, 0.0, 0.0, 0.0, 0.0, 0.0, 0.0, 0.0, 0.0, 0.0, 0.0, 0.0, 0.0, 0.0, 0.0], result={'fraud_detected': False, 'dense_score': 0.3951365649700165, 'autoencoder_error': 0.052231761109503665, 'lstm_score': 0.3694218695163727}
2025-06-07 14:16:30,610 - INFO - Single prediction: input=[0.0, 0.0, 0.0, 0.0, 0.0, 0.0, 0.0, 0.0, 0.0, 0.0, 0.060000000000000005, 0.0, 0.0, 0.0, 0.11999999999999998, 0.0, 0.09999999999999999, 0.0, 0.060000000000000005, 0.0, 0.0, 0.0, 0.0, 0.0, 0.0, 0.0, 0.0, 0.0, 0.0], result={'fraud_detected': False, 'dense_score': 0.19542069733142853, 'autoencoder_error': 0.056305691361727486, 'lstm_score': 0.3692445158958435}
2025-06-07 14:45:49,554 - INFO - Single prediction: input=[0.0, 0.0, 0.0, 0.0, 0.0, 0.0, 0.0, 0.0, 0.0, 0.0, 0.0, 0.0, 0.0, 0.0, 0.0, 0.0, 0.0, 0.0, 0.0, 0.0, 0.0, 0.0, 0.0, 0.0, 0.0, 0.0, 0.0, 0.0, 0.0], result={'fraud_detected': False, 'dense_score': 0.3951365649700165, 'autoencoder_error': 0.052231761109503665, 'lstm_score': 0.3694218695163727}
2025-06-08 12:39:49,774 - WARNING - Compiled the loaded model, but the compiled metrics have yet to be built. `model.compile_metrics` will be empty until you train or evaluate the model.
2025-06-08 12:39:50,004 - WARNING - Compiled the loaded model, but the compiled metrics have yet to be built. `model.compile_metrics` will be empty until you train or evaluate the model.
2025-06-08 12:49:39,850 - WARNING - Compiled the loaded model, but the compiled metrics have yet to be built. `model.compile_metrics` will be empty until you train or evaluate the model.
2025-06-08 12:49:41,067 - WARNING - Compiled the loaded model, but the compiled metrics have yet to be built. `model.compile_metrics` will be empty until you train or evaluate the model.
2025-06-08 12:51:42,439 - INFO - Single prediction: input=[0.0, 0.0, 0.0, 0.0, 0.0, 0.0, 0.0, 0.0, 0.0, 0.0, 0.0, 0.0, 0.0, 0.0, 0.0, 0.0, 0.0, 0.0, 0.0, 0.0, 0.0, 0.0, 0.0, 0.0, 0.0, 0.0, 0.0, 0.0, 0.0], result={'fraud_detected': False, 'dense_score': 0.3951365649700165, 'autoencoder_error': 0.052231761109503665, 'lstm_score': 0.3694218695163727}
2025-06-08 12:54:18,229 - WARNING - Compiled the loaded model, but the compiled metrics have yet to be built. `model.compile_metrics` will be empty until you train or evaluate the model.
2025-06-08 12:54:18,439 - WARNING - Compiled the loaded model, but the compiled metrics have yet to be built. `model.compile_metrics` will be empty until you train or evaluate the model.
2025-06-08 12:57:05,879 - WARNING - Compiled the loaded model, but the compiled metrics have yet to be built. `model.compile_metrics` will be empty until you train or evaluate the model.
2025-06-08 12:57:06,110 - WARNING - Compiled the loaded model, but the compiled metrics have yet to be built. `model.compile_metrics` will be empty until you train or evaluate the model.
2025-06-08 12:58:15,964 - WARNING - Compiled the loaded model, but the compiled metrics have yet to be built. `model.compile_metrics` will be empty until you train or evaluate the model.
2025-06-08 12:58:16,194 - WARNING - Compiled the loaded model, but the compiled metrics have yet to be built. `model.compile_metrics` will be empty until you train or evaluate the model.
2025-06-08 12:59:17,830 - INFO - Single prediction: input=[0.0, 0.0, 0.0, 0.0, 0.0, 0.0, 0.0, 0.0, 0.0, 0.0, 0.0, 0.0, 0.0, 0.0, 0.0, 0.0, 0.0, 0.0, 0.0, 0.0, 0.0, 0.0, 0.0, 0.0, 0.0, 0.0, 0.0, 0.0, 0.0], result={'fraud_detected': False, 'dense_score': 0.3951365649700165, 'autoencoder_error': 0.052231761109503665, 'lstm_score': 0.3694218695163727}
2025-06-08 13:13:09,143 - INFO - Single prediction: input=[0.0, 0.0, 0.0, 0.0, 0.0, 0.0, 0.0, 0.0, 0.0, 0.0, 0.0, 0.0, 0.0, 0.0, 0.0, 0.0, 0.0, 0.0, 0.0, 0.0, 0.0, 0.0, 0.0, 0.0, 0.0, 0.0, 0.0, 0.0, 0.0], result={'fraud_detected': False, 'dense_score': 0.3951365649700165, 'autoencoder_error': 0.052231761109503665, 'lstm_score': 0.3694218695163727}
2025-06-08 21:40:01,533 - WARNING - Compiled the loaded model, but the compiled metrics have yet to be built. `model.compile_metrics` will be empty until you train or evaluate the model.
2025-06-08 21:40:01,908 - WARNING - Compiled the loaded model, but the compiled metrics have yet to be built. `model.compile_metrics` will be empty until you train or evaluate the model.
2025-06-08 21:40:27,029 - WARNING - Compiled the loaded model, but the compiled metrics have yet to be built. `model.compile_metrics` will be empty until you train or evaluate the model.
2025-06-08 21:40:27,351 - WARNING - Compiled the loaded model, but the compiled metrics have yet to be built. `model.compile_metrics` will be empty until you train or evaluate the model.
2025-06-08 21:40:29,867 - WARNING - Compiled the loaded model, but the compiled metrics have yet to be built. `model.compile_metrics` will be empty until you train or evaluate the model.
2025-06-08 21:40:30,114 - WARNING - Compiled the loaded model, but the compiled metrics have yet to be built. `model.compile_metrics` will be empty until you train or evaluate the model.
2025-06-08 21:45:53,837 - WARNING - Compiled the loaded model, but the compiled metrics have yet to be built. `model.compile_metrics` will be empty until you train or evaluate the model.
2025-06-08 21:45:54,076 - WARNING - Compiled the loaded model, but the compiled metrics have yet to be built. `model.compile_metrics` will be empty until you train or evaluate the model.
2025-06-08 21:46:57,312 - INFO - Single prediction: input=[0.0, 0.0, 0.0, 0.0, 0.0, 0.0, 0.0, 0.0, 0.0, 0.0, 0.0, 0.0, 0.0, 0.0, 0.0, 0.0, 0.0, 0.0, 0.0, 0.0, 0.0, 0.0, 0.0, 0.0, 0.0, 0.0, 0.0, 0.0, 0.0], result={'fraud_detected': np.False_, 'dense_score': 0.3951365649700165, 'autoencoder_error': 0.052231761109503665, 'lstm_score': 0.3694218695163727}
2025-06-08 21:48:33,128 - WARNING - Compiled the loaded model, but the compiled metrics have yet to be built. `model.compile_metrics` will be empty until you train or evaluate the model.
2025-06-08 21:48:33,321 - WARNING - Compiled the loaded model, but the compiled metrics have yet to be built. `model.compile_metrics` will be empty until you train or evaluate the model.
2025-06-08 21:49:07,576 - WARNING - Compiled the loaded model, but the compiled metrics have yet to be built. `model.compile_metrics` will be empty until you train or evaluate the model.
2025-06-08 21:49:07,854 - WARNING - Compiled the loaded model, but the compiled metrics have yet to be built. `model.compile_metrics` will be empty until you train or evaluate the model.
2025-06-08 21:49:54,085 - INFO - Single prediction: input=[0.0, 0.0, 0.0, 0.0, 0.0, 0.0, 0.0, 0.0, 0.0, 0.0, 0.0, 0.0, 0.0, 0.0, 0.0, 0.0, 0.0, 0.0, 0.0, 0.0, 0.0, 0.0, 0.0, 0.0, 0.0, 0.0, 0.0, 0.0, 0.0], result={'fraud_detected': np.False_, 'dense_score': 0.3951365649700165, 'autoencoder_error': 0.052231761109503665, 'lstm_score': 0.3694218695163727}
2025-06-09 01:54:15,300 - WARNING - Compiled the loaded model, but the compiled metrics have yet to be built. `model.compile_metrics` will be empty until you train or evaluate the model.
2025-06-09 01:54:16,044 - WARNING - Compiled the loaded model, but the compiled metrics have yet to be built. `model.compile_metrics` will be empty until you train or evaluate the model.
2025-06-09 02:00:27,648 - WARNING - Compiled the loaded model, but the compiled metrics have yet to be built. `model.compile_metrics` will be empty until you train or evaluate the model.
2025-06-09 02:00:27,977 - WARNING - Compiled the loaded model, but the compiled metrics have yet to be built. `model.compile_metrics` will be empty until you train or evaluate the model.
2025-06-09 02:01:40,352 - INFO - Single prediction input=[0.0, 0.0, 0.0, 0.0, 0.0, 0.0, 0.0, 0.0, 0.0, 0.0, 0.0, 0.0, 0.0, 0.0, 0.0, 0.0, 0.0, 0.0, 0.0, 0.0, 0.0, 0.0, 0.0, 0.0, 0.0, 0.0, 0.0, 0.0, 0.0], result={'fraud_detected': False, 'dense_score': 0.3951365649700165, 'autoencoder_error': 0.052231761109503665, 'lstm_score': 0.3694218695163727}
2025-06-09 02:01:40,362 - INFO - Single prediction input=[0.0, 0.0, 0.0, 0.0, 0.0, 0.0, 0.0, 0.0, 0.0, 0.0, 0.0, 0.0, 0.0, 0.0, 0.0, 0.0, 0.0, 0.0, 0.0, 0.0, 0.0, 0.0, 0.0, 0.0, 0.0, 0.0, 0.0, 0.0, 0.0], result={'fraud_detected': False, 'dense_score': 0.3951365649700165, 'autoencoder_error': 0.052231761109503665, 'lstm_score': 0.3694218695163727}
2025-06-09 02:45:48,248 - INFO - Single prediction input=[149.62, -0.021053053, 0.133558377, -0.189114844, 0.128539358, 0.066928075, 2.536346738, -0.33832077, 0.251412098, 0.40399296, -0.28832076999999995, 1.378155224, 1.468176972, -0.26116935399999996, -0.9113898469999999, 0.13999999999999999, 0.0, 0.11999999999999998, 0.0, 0.22000000000000006, 0.15, -0.33832077, 0.462387778, 0.0, 1.378155224, 2.536346738, -0.33832077, -0.072781173, -1.359807134], result={'fraud_detected': True, 'dense_score': 0.0, 'autoencoder_error': 208.80175474851768, 'lstm_score': 0.35631662607192993}
2025-06-09 02:52:47,358 - INFO - Single prediction input=[0.37000000000000016, 0.24000000000000007, 0.05, 0.22000000000000006, 0.15, 0.04, 0.05, 0.13999999999999999, 0.15, 0.060000000000000005, 0.12999999999999998, 0.11999999999999998, 0.0, 0.12999999999999998, 0.18000000000000002, 0.11999999999999998, 0.03, 0.15, 0.34000000000000014, 0.09, 0.16, 0.26000000000000006, 0.18000000000000002, 0.13999999999999999, 0.10999999999999999, 0.04, 0.09999999999999999, 0.07, 0.09], result={'fraud_detected': False, 'dense_score': 0.6103466749191284, 'autoencoder_error': 0.06706954575632457, 'lstm_score': 0.3682974576950073}
2025-06-09 02:53:45,895 - INFO - Single prediction input=[10000.0, 0.24000000000000007, 0.05, 0.22000000000000006, 0.15, 0.04, 0.05, 0.13999999999999999, 0.15, 0.060000000000000005, 0.12999999999999998, 0.11999999999999998, 0.0, 0.12999999999999998, 0.18000000000000002, 0.11999999999999998, 0.03, 0.15, 0.34000000000000014, 0.09, 0.16, 0.26000000000000006, 0.18000000000000002, 0.13999999999999999, 0.10999999999999999, 0.04, 0.09999999999999999, 0.07, 0.09], result={'fraud_detected': True, 'dense_score': 0.0, 'autoencoder_error': 941873.522725512, 'lstm_score': 0.3957379460334778}
2025-06-09 03:01:51,292 - INFO - Single prediction input=[0.95, 0.87, 0.34, 0.12, 0.07, 0.99, 0.01, 0.63, 0.54, 0.1, 0.81, 0.23, 0.37, 0.59, 0.42, 0.76, 0.19, 0.48, 0.68, 0.97, 0.08, 0.31, 0.66, 0.2, 0.39, 0.53, 0.11, 0.36, 0.44], result={'fraud_detected': True, 'dense_score': 2.7680018865592365e-29, 'autoencoder_error': 0.3605986759880594, 'lstm_score': 0.3662581741809845}
2025-06-09 03:02:20,552 - INFO - Single prediction input=[0.25, 0.15, 0.66, 0.35, 0.8, 0.4, 0.9, 0.05, 0.3, 0.85, 0.45, 0.22, 0.5, 0.33, 0.1, 0.55, 0.88, 0.12, 0.65, 0.78, 0.09, 0.26, 0.49, 0.73, 0.18, 0.92, 0.34, 0.61, 0.21], result={'fraud_detected': True, 'dense_score': 7.012758228828353e-35, 'autoencoder_error': 0.6335869212370733, 'lstm_score': 0.36563241481781006}
2025-06-09 03:02:48,283 - INFO - Single prediction input=[0.55, 0.61, 0.12, 0.7, 0.25, 0.82, 0.04, 0.13, 0.46, 0.93, 0.28, 0.32, 0.57, 0.64, 0.74, 0.38, 0.96, 0.03, 0.06, 0.89, 0.35, 0.51, 0.4, 0.14, 0.02, 0.16, 0.75, 0.67, 0.3], result={'fraud_detected': True, 'dense_score': 0.0, 'autoencoder_error': 0.765546154628383, 'lstm_score': 0.36649298667907715}
2025-06-09 03:04:57,387 - INFO - Single prediction input=[0.05, 0.15, 0.66, 0.35, 0.8, 0.4, 0.9, 0.05, 0.3, 0.85, 0.45, 0.22, 0.5, 0.33, 0.1, 0.55, 0.88, 0.12, 0.65, 0.78, 0.09, 0.26, 0.49, 0.73, 0.18, 0.92, 0.34, 0.61, 0.21], result={'fraud_detected': True, 'dense_score': 2.0919151707573347e-35, 'autoencoder_error': 0.633325095764233, 'lstm_score': 0.36565515398979187}
2025-06-09 03:08:55,677 - INFO - Single prediction input=[0.001, 0.15, 0.66, 0.35, 0.8, 0.4, 0.9, 0.05, 0.3, 0.85, 0.45, 0.22, 0.5, 0.33, 0.1, 0.55, 0.88, 0.12, 0.65, 0.78, 0.09, 0.26, 0.49, 0.73, 0.18, 0.92, 0.34, 0.61, 0.21], result={'fraud_detected': True, 'dense_score': 1.5553604012427984e-35, 'autoencoder_error': 0.632497513764269, 'lstm_score': 0.36566072702407837}
2025-06-09 03:34:30,461 - WARNING - Compiled the loaded model, but the compiled metrics have yet to be built. `model.compile_metrics` will be empty until you train or evaluate the model.
2025-06-09 03:34:30,711 - WARNING - Compiled the loaded model, but the compiled metrics have yet to be built. `model.compile_metrics` will be empty until you train or evaluate the model.
2025-06-09 03:35:43,816 - WARNING - Compiled the loaded model, but the compiled metrics have yet to be built. `model.compile_metrics` will be empty until you train or evaluate the model.
2025-06-09 03:35:44,032 - WARNING - Compiled the loaded model, but the compiled metrics have yet to be built. `model.compile_metrics` will be empty until you train or evaluate the model.
2025-06-09 03:38:04,264 - WARNING - 5 out of the last 5 calls to <function TensorFlowTrainer.make_predict_function.<locals>.one_step_on_data_distributed at 0x000001CA9E58A950> triggered tf.function retracing. Tracing is expensive and the excessive number of tracings could be due to (1) creating @tf.function repeatedly in a loop, (2) passing tensors with different shapes, (3) passing Python objects instead of tensors. For (1), please define your @tf.function outside of the loop. For (2), @tf.function has reduce_retracing=True option that can avoid unnecessary retracing. For (3), please refer to https://www.tensorflow.org/guide/function#controlling_retracing and https://www.tensorflow.org/api_docs/python/tf/function for  more details.
2025-06-09 03:38:04,288 - WARNING - 6 out of the last 6 calls to <function TensorFlowTrainer.make_predict_function.<locals>.one_step_on_data_distributed at 0x000001CA9E58A950> triggered tf.function retracing. Tracing is expensive and the excessive number of tracings could be due to (1) creating @tf.function repeatedly in a loop, (2) passing tensors with different shapes, (3) passing Python objects instead of tensors. For (1), please define your @tf.function outside of the loop. For (2), @tf.function has reduce_retracing=True option that can avoid unnecessary retracing. For (3), please refer to https://www.tensorflow.org/guide/function#controlling_retracing and https://www.tensorflow.org/api_docs/python/tf/function for  more details.
2025-06-09 03:38:04,314 - INFO - Single prediction input=[1000.0, 0.15, 0.66, 0.35, 0.8, 0.4, 0.9, 0.05, 0.3, 0.85, 0.45, 0.22, 0.5, 0.33, 0.1, 0.55, 0.88, 0.12, 0.65, 0.78, 0.09, 0.26, 0.49, 0.73, 0.18, 0.92, 0.34, 0.61, 0.21], result={'fraud_detected': False, 'votes': 1, 'dense_score': 0.0, 'autoencoder_error': 9377.955938416142, 'lstm_score': 0.38954776525497437}
2025-06-09 03:38:04,364 - INFO - Single prediction input=[1000.0, 0.15, 0.66, 0.35, 0.8, 0.4, 0.9, 0.05, 0.3, 0.85, 0.45, 0.22, 0.5, 0.33, 0.1, 0.55, 0.88, 0.12, 0.65, 0.78, 0.09, 0.26, 0.49, 0.73, 0.18, 0.92, 0.34, 0.61, 0.21], result={'fraud_detected': False, 'votes': 1, 'dense_score': 0.0, 'autoencoder_error': 9377.955938416142, 'lstm_score': 0.38954776525497437}
2025-06-09 03:38:58,201 - INFO - Single prediction input=[100.95, 0.87, 0.34, 0.12, 0.07, 0.99, 0.01, 0.63, 0.54, 0.1, 0.81, 0.23, 0.37, 0.59, 0.42, 0.76, 0.19, 0.48, 0.68, 0.97, 0.08, 0.31, 0.66, 0.2, 0.39, 0.53, 0.11, 0.36, 0.44], result={'fraud_detected': False, 'votes': 1, 'dense_score': 0.0, 'autoencoder_error': 93.22701117309418, 'lstm_score': 0.35811761021614075}
2025-06-09 03:39:24,301 - INFO - Single prediction input=[0.55, 0.61, 0.12, 0.7, 0.25, 0.82, 0.04, 0.13, 0.46, 0.93, 0.28, 0.32, 0.57, 0.64, 0.74, 0.38, 0.96, 0.03, 0.06, 0.89, 0.35, 0.51, 0.4, 0.14, 0.02, 0.16, 0.75, 0.67, 0.3], result={'fraud_detected': False, 'votes': 1, 'dense_score': 0.0, 'autoencoder_error': 0.765546154628383, 'lstm_score': 0.36649298667907715}
2025-06-09 03:45:45,069 - INFO - Single prediction input=[320.5, 0.2, 0.45, 0.4, 0.85, 0.5, 0.7, 0.6, 0.3, 0.9, 0.25, 0.6, 0.9, 0.3, 0.0, 0.0, 0.1, 0.2, 0.4, 0.3, 0.4, 0.3, 0.2, 0.1, 0.8, 0.0, 0.0, 0.1, 0.3], result={'fraud_detected': False, 'votes': 1, 'dense_score': 0.0, 'autoencoder_error': 954.7787235894485, 'lstm_score': 0.359338641166687}
2025-06-09 03:46:00,869 - INFO - Single prediction input=[40.1, 0.6, 0.7, 0.3, 0.2, 0.1, 0.1, 0.8, 0.7, 0.0, 0.6, 0.3, 0.2, 0.9, 1.0, 0.9, 0.6, 0.5, 0.9, 0.7, 0.2, 0.6, 0.5, 0.0, 0.5, 0.9, 0.7, 0.2, 0.8], result={'fraud_detected': False, 'votes': 1, 'dense_score': 0.0, 'autoencoder_error': 14.714151990922838, 'lstm_score': 0.3610212802886963}
2025-06-09 03:46:19,351 - INFO - Single prediction input=[1500.0, 0.1, 0.9, 0.1, 0.9, 0.8, 0.3, 0.2, 0.8, 1.0, 0.9, 0.4, 0.1, 0.1, 0.0, 1.0, 1.0, 0.9, 0.95, 1.0, 0.9, 0.8, 0.9, 0.1, 0.2, 1.0, 0.95, 0.8, 0.95], result={'fraud_detected': False, 'votes': 1, 'dense_score': 0.0, 'autoencoder_error': 21128.381615633007, 'lstm_score': 0.3990548849105835}
2025-06-09 03:46:19,478 - INFO - Single prediction input=[1500.0, 0.1, 0.9, 0.1, 0.9, 0.8, 0.3, 0.2, 0.8, 1.0, 0.9, 0.4, 0.1, 0.1, 0.0, 1.0, 1.0, 0.9, 0.95, 1.0, 0.9, 0.8, 0.9, 0.1, 0.2, 1.0, 0.95, 0.8, 0.95], result={'fraud_detected': False, 'votes': 1, 'dense_score': 0.0, 'autoencoder_error': 21128.381615633007, 'lstm_score': 0.3990548849105835}
2025-06-09 03:47:07,801 - WARNING - Compiled the loaded model, but the compiled metrics have yet to be built. `model.compile_metrics` will be empty until you train or evaluate the model.
2025-06-09 03:47:08,069 - WARNING - Compiled the loaded model, but the compiled metrics have yet to be built. `model.compile_metrics` will be empty until you train or evaluate the model.
2025-06-09 03:47:09,349 - INFO - Single prediction input=[12.0, 0.4, 0.3, 0.6, 0.6, 0.4, 0.5, 0.5, 0.2, 0.4, 0.3, 0.2, 0.5, 0.6, 0.3, 0.1, 0.2, 0.2, 0.4, 0.2, 0.3, 0.4, 0.3, 0.0, 0.9, 0.1, 0.1, 0.1, 0.2], result={'fraud_detected': False, 'votes': 1, 'dense_score': 0.0, 'autoencoder_error': 1.4454750869123663, 'lstm_score': 0.3656717836856842}
2025-06-09 03:48:07,985 - WARNING - Compiled the loaded model, but the compiled metrics have yet to be built. `model.compile_metrics` will be empty until you train or evaluate the model.
2025-06-09 03:48:08,327 - WARNING - Compiled the loaded model, but the compiled metrics have yet to be built. `model.compile_metrics` will be empty until you train or evaluate the model.
2025-06-09 03:48:40,647 - WARNING - Compiled the loaded model, but the compiled metrics have yet to be built. `model.compile_metrics` will be empty until you train or evaluate the model.
2025-06-09 03:48:40,878 - WARNING - Compiled the loaded model, but the compiled metrics have yet to be built. `model.compile_metrics` will be empty until you train or evaluate the model.
2025-06-09 03:49:40,039 - INFO - Single prediction input=[320.5, 0.2, 0.45, 0.4, 0.85, 0.5, 0.7, 0.6, 0.3, 0.9, 0.25, 0.6, 0.9, 0.3, 0.0, 0.0, 0.1, 0.2, 0.4, 0.3, 0.4, 0.3, 0.2, 0.1, 0.8, 0.0, 0.0, 0.1, 0.3], result={'fraud_detected': True, 'votes': 1, 'dense_score': 0.0, 'autoencoder_error': 954.7787235894485, 'lstm_score': 0.359338641166687}
2025-06-09 03:49:56,111 - INFO - Single prediction input=[40.1, 0.6, 0.7, 0.3, 0.2, 0.1, 0.1, 0.8, 0.7, 0.0, 0.6, 0.3, 0.2, 0.9, 1.0, 0.9, 0.6, 0.5, 0.9, 0.7, 0.2, 0.6, 0.5, 0.0, 0.5, 0.9, 0.7, 0.2, 0.8], result={'fraud_detected': True, 'votes': 1, 'dense_score': 0.0, 'autoencoder_error': 14.714151990922838, 'lstm_score': 0.3610212802886963}
2025-06-09 03:50:06,626 - INFO - Single prediction input=[250.0, 0.3, 0.6, 0.7, 0.4, 0.6, 0.6, 0.7, 0.5, 0.3, 0.7, 0.7, 0.8, 0.2, 0.5, 0.4, 0.4, 0.3, 0.3, 0.6, 0.5, 0.6, 0.5, 0.0, 0.6, 0.5, 0.4, 0.2, 0.6], result={'fraud_detected': True, 'votes': 1, 'dense_score': 0.0, 'autoencoder_error': 580.8571408498697, 'lstm_score': 0.3564293086528778}
2025-06-09 03:51:22,880 - WARNING - Compiled the loaded model, but the compiled metrics have yet to be built. `model.compile_metrics` will be empty until you train or evaluate the model.
2025-06-09 03:51:23,066 - WARNING - Compiled the loaded model, but the compiled metrics have yet to be built. `model.compile_metrics` will be empty until you train or evaluate the model.
2025-06-09 03:52:51,705 - WARNING - Compiled the loaded model, but the compiled metrics have yet to be built. `model.compile_metrics` will be empty until you train or evaluate the model.
2025-06-09 03:52:51,959 - WARNING - Compiled the loaded model, but the compiled metrics have yet to be built. `model.compile_metrics` will be empty until you train or evaluate the model.
2025-06-09 03:53:39,029 - INFO - Single prediction input=[320.5, 0.2, 0.45, 0.4, 0.85, 0.5, 0.7, 0.6, 0.3, 0.9, 0.25, 0.6, 0.9, 0.3, 0.0, 0.0, 0.1, 0.2, 0.4, 0.3, 0.4, 0.3, 0.2, 0.1, 0.8, 0.0, 0.0, 0.1, 0.3], result={'fraud_detected': False, 'votes': 1, 'dense_score': 0.0, 'autoencoder_error': 954.7787235894485, 'lstm_score': 0.359338641166687}
2025-06-09 03:53:56,228 - INFO - Single prediction input=[40.1, 0.6, 0.7, 0.3, 0.2, 0.1, 0.1, 0.8, 0.7, 0.0, 0.6, 0.3, 0.2, 0.9, 1.0, 0.9, 0.6, 0.5, 0.9, 0.7, 0.2, 0.6, 0.5, 0.0, 0.5, 0.9, 0.7, 0.2, 0.8], result={'fraud_detected': False, 'votes': 1, 'dense_score': 0.0, 'autoencoder_error': 14.714151990922838, 'lstm_score': 0.3610212802886963}
2025-06-09 03:54:44,108 - INFO - Single prediction input=[1500.0, 0.1, 0.9, 0.1, 0.9, 0.8, 0.3, 0.2, 0.8, 1.0, 0.9, 0.4, 0.1, 0.1, 0.0, 1.0, 1.0, 0.9, 0.95, 1.0, 0.9, 0.8, 0.9, 0.1, 0.2, 1.0, 0.95, 0.8, 0.95], result={'fraud_detected': False, 'votes': 1, 'dense_score': 0.0, 'autoencoder_error': 21128.381615633007, 'lstm_score': 0.3990548849105835}
2025-06-09 03:54:53,481 - INFO - Single prediction input=[12.0, 0.4, 0.3, 0.6, 0.6, 0.4, 0.5, 0.5, 0.2, 0.4, 0.3, 0.2, 0.5, 0.6, 0.3, 0.1, 0.2, 0.2, 0.4, 0.2, 0.3, 0.4, 0.3, 0.0, 0.9, 0.1, 0.1, 0.1, 0.2], result={'fraud_detected': False, 'votes': 1, 'dense_score': 0.0, 'autoencoder_error': 1.4454750869123663, 'lstm_score': 0.3656717836856842}
2025-06-09 03:55:03,736 - INFO - Single prediction input=[250.0, 0.3, 0.6, 0.7, 0.4, 0.6, 0.6, 0.7, 0.5, 0.3, 0.7, 0.7, 0.8, 0.2, 0.5, 0.4, 0.4, 0.3, 0.3, 0.6, 0.5, 0.6, 0.5, 0.0, 0.6, 0.5, 0.4, 0.2, 0.6], result={'fraud_detected': False, 'votes': 1, 'dense_score': 0.0, 'autoencoder_error': 580.8571408498697, 'lstm_score': 0.3564293086528778}
2025-06-09 04:02:00,139 - WARNING - Compiled the loaded model, but the compiled metrics have yet to be built. `model.compile_metrics` will be empty until you train or evaluate the model.
2025-06-09 04:02:00,549 - WARNING - Compiled the loaded model, but the compiled metrics have yet to be built. `model.compile_metrics` will be empty until you train or evaluate the model.
2025-06-09 04:02:03,907 - WARNING - Compiled the loaded model, but the compiled metrics have yet to be built. `model.compile_metrics` will be empty until you train or evaluate the model.
2025-06-09 04:02:04,135 - WARNING - Compiled the loaded model, but the compiled metrics have yet to be built. `model.compile_metrics` will be empty until you train or evaluate the model.
2025-06-09 04:03:18,097 - WARNING - Compiled the loaded model, but the compiled metrics have yet to be built. `model.compile_metrics` will be empty until you train or evaluate the model.
2025-06-09 04:03:18,341 - WARNING - Compiled the loaded model, but the compiled metrics have yet to be built. `model.compile_metrics` will be empty until you train or evaluate the model.
2025-06-09 04:04:09,015 - INFO - Single prediction input=[320.5, 0.2, 0.45, 0.4, 0.85, 0.5, 0.7, 0.6, 0.3, 0.9, 0.25, 0.6, 0.9, 0.3, 0.0, 0.0, 0.1, 0.2, 0.4, 0.3, 0.4, 0.3, 0.2, 0.1, 0.8, 0.0, 0.0, 0.1, 0.3], result={'fraud_detected': True, 'dense_score': 0.0, 'autoencoder_error': 954.7787235894485, 'lstm_score': 0.359338641166687}
2025-06-09 04:04:21,709 - INFO - Single prediction input=[40.1, 0.6, 0.7, 0.3, 0.2, 0.1, 0.1, 0.8, 0.7, 0.0, 0.6, 0.3, 0.2, 0.9, 1.0, 0.9, 0.6, 0.5, 0.9, 0.7, 0.2, 0.6, 0.5, 0.0, 0.5, 0.9, 0.7, 0.2, 0.8], result={'fraud_detected': True, 'dense_score': 0.0, 'autoencoder_error': 14.714151990922838, 'lstm_score': 0.3610212802886963}
2025-06-09 04:04:44,990 - INFO - Single prediction input=[12.0, 0.4, 0.3, 0.6, 0.6, 0.4, 0.5, 0.5, 0.2, 0.4, 0.3, 0.2, 0.5, 0.6, 0.3, 0.1, 0.2, 0.2, 0.4, 0.2, 0.3, 0.4, 0.3, 0.0, 0.9, 0.1, 0.1, 0.1, 0.2], result={'fraud_detected': True, 'dense_score': 0.0, 'autoencoder_error': 1.4454750869123663, 'lstm_score': 0.3656717836856842}
2025-06-09 04:06:56,232 - WARNING - Compiled the loaded model, but the compiled metrics have yet to be built. `model.compile_metrics` will be empty until you train or evaluate the model.
2025-06-09 04:06:56,522 - WARNING - Compiled the loaded model, but the compiled metrics have yet to be built. `model.compile_metrics` will be empty until you train or evaluate the model.
2025-06-09 04:06:59,837 - WARNING - Compiled the loaded model, but the compiled metrics have yet to be built. `model.compile_metrics` will be empty until you train or evaluate the model.
2025-06-09 04:07:00,084 - WARNING - Compiled the loaded model, but the compiled metrics have yet to be built. `model.compile_metrics` will be empty until you train or evaluate the model.
2025-06-09 04:08:01,030 - WARNING - Compiled the loaded model, but the compiled metrics have yet to be built. `model.compile_metrics` will be empty until you train or evaluate the model.
2025-06-09 04:08:01,301 - WARNING - Compiled the loaded model, but the compiled metrics have yet to be built. `model.compile_metrics` will be empty until you train or evaluate the model.
2025-06-09 04:09:17,078 - INFO - Single prediction input=[320.5, 0.2, 0.45, 0.4, 0.85, 0.5, 0.7, 0.6, 0.3, 0.9, 0.25, 0.6, 0.9, 0.3, 0.0, 0.0, 0.1, 0.2, 0.4, 0.3, 0.4, 0.3, 0.2, 0.1, 0.8, 0.0, 0.0, 0.1, 0.3], result={'fraud_detected': True, 'dense_score': 0.0, 'autoencoder_error': 954.7787235894485, 'lstm_score': 0.359338641166687}
2025-06-09 04:11:56,093 - WARNING - Compiled the loaded model, but the compiled metrics have yet to be built. `model.compile_metrics` will be empty until you train or evaluate the model.
2025-06-09 04:11:56,300 - WARNING - Compiled the loaded model, but the compiled metrics have yet to be built. `model.compile_metrics` will be empty until you train or evaluate the model.
2025-06-09 04:12:32,676 - WARNING - Compiled the loaded model, but the compiled metrics have yet to be built. `model.compile_metrics` will be empty until you train or evaluate the model.
2025-06-09 04:12:32,900 - WARNING - Compiled the loaded model, but the compiled metrics have yet to be built. `model.compile_metrics` will be empty until you train or evaluate the model.
2025-06-09 04:13:52,876 - INFO - Single prediction input=[320.5, 0.2, 0.45, 0.4, 0.85, 0.5, 0.7, 0.6, 0.3, 0.9, 0.25, 0.6, 0.9, 0.3, 0.0, 0.0, 0.1, 0.2, 0.4, 0.3, 0.4, 0.3, 0.2, 0.1, 0.8, 0.0, 0.0, 0.1, 0.3], result={'fraud_detected': True, 'dense_score': 0.0, 'autoencoder_error': 954.7787235894485, 'lstm_score': 0.359338641166687}
2025-06-09 04:14:05,069 - INFO - Single prediction input=[250.0, 0.3, 0.6, 0.7, 0.4, 0.6, 0.6, 0.7, 0.5, 0.3, 0.7, 0.7, 0.8, 0.2, 0.5, 0.4, 0.4, 0.3, 0.3, 0.6, 0.5, 0.6, 0.5, 0.0, 0.6, 0.5, 0.4, 0.2, 0.6], result={'fraud_detected': True, 'dense_score': 0.0, 'autoencoder_error': 580.8571408498697, 'lstm_score': 0.3564293086528778}
2025-06-09 04:16:02,241 - WARNING - Compiled the loaded model, but the compiled metrics have yet to be built. `model.compile_metrics` will be empty until you train or evaluate the model.
2025-06-09 04:16:02,572 - WARNING - Compiled the loaded model, but the compiled metrics have yet to be built. `model.compile_metrics` will be empty until you train or evaluate the model.
2025-06-09 04:16:07,389 - WARNING - Compiled the loaded model, but the compiled metrics have yet to be built. `model.compile_metrics` will be empty until you train or evaluate the model.
2025-06-09 04:16:07,648 - WARNING - Compiled the loaded model, but the compiled metrics have yet to be built. `model.compile_metrics` will be empty until you train or evaluate the model.
2025-06-09 04:16:41,083 - WARNING - Compiled the loaded model, but the compiled metrics have yet to be built. `model.compile_metrics` will be empty until you train or evaluate the model.
2025-06-09 04:16:41,333 - WARNING - Compiled the loaded model, but the compiled metrics have yet to be built. `model.compile_metrics` will be empty until you train or evaluate the model.
2025-06-09 04:18:47,246 - INFO - Single prediction input=[320.5, 0.2, 0.45, 0.4, 0.85, 0.5, 0.7, 0.6, 0.3, 0.9, 0.25, 0.6, 0.9, 0.3, 0.0, 0.0, 0.1, 0.2, 0.4, 0.3, 0.4, 0.3, 0.2, 0.1, 0.8, 0.0, 0.0, 0.1, 0.3], result={'fraud_detected': True, 'dense_score': 0.0, 'autoencoder_error': 954.7787235894485, 'lstm_score': 0.359338641166687}
2025-06-09 04:18:59,260 - INFO - Single prediction input=[40.1, 0.6, 0.7, 0.3, 0.2, 0.1, 0.1, 0.8, 0.7, 0.0, 0.6, 0.3, 0.2, 0.9, 1.0, 0.9, 0.6, 0.5, 0.9, 0.7, 0.2, 0.6, 0.5, 0.0, 0.5, 0.9, 0.7, 0.2, 0.8], result={'fraud_detected': True, 'dense_score': 0.0, 'autoencoder_error': 14.714151990922838, 'lstm_score': 0.3610212802886963}
2025-06-09 04:19:47,390 - WARNING - Compiled the loaded model, but the compiled metrics have yet to be built. `model.compile_metrics` will be empty until you train or evaluate the model.
2025-06-09 04:19:47,727 - WARNING - Compiled the loaded model, but the compiled metrics have yet to be built. `model.compile_metrics` will be empty until you train or evaluate the model.
2025-06-09 04:19:51,698 - WARNING - Compiled the loaded model, but the compiled metrics have yet to be built. `model.compile_metrics` will be empty until you train or evaluate the model.
2025-06-09 04:19:51,941 - WARNING - Compiled the loaded model, but the compiled metrics have yet to be built. `model.compile_metrics` will be empty until you train or evaluate the model.
2025-06-09 04:20:20,076 - WARNING - Compiled the loaded model, but the compiled metrics have yet to be built. `model.compile_metrics` will be empty until you train or evaluate the model.
2025-06-09 04:20:20,306 - WARNING - Compiled the loaded model, but the compiled metrics have yet to be built. `model.compile_metrics` will be empty until you train or evaluate the model.
2025-06-09 04:21:51,685 - INFO - Single prediction input=[320.5, 0.2, 0.45, 0.4, 0.85, 0.5, 0.7, 0.6, 0.3, 0.9, 0.25, 0.6, 0.9, 0.3, 0.0, 0.0, 0.1, 0.2, 0.4, 0.3, 0.4, 0.3, 0.2, 0.1, 0.8, 0.0, 0.0, 0.1, 0.3], result={'fraud_detected': True, 'dense_score': 0.0, 'autoencoder_error': 954.7787235894485, 'lstm_score': 0.359338641166687}
2025-06-09 04:22:03,992 - INFO - Single prediction input=[1500.0, 0.1, 0.9, 0.1, 0.9, 0.8, 0.3, 0.2, 0.8, 1.0, 0.9, 0.4, 0.1, 0.1, 0.0, 1.0, 1.0, 0.9, 0.95, 1.0, 0.9, 0.8, 0.9, 0.1, 0.2, 1.0, 0.95, 0.8, 0.95], result={'fraud_detected': True, 'dense_score': 0.0, 'autoencoder_error': 21128.381615633007, 'lstm_score': 0.3990548849105835}
2025-06-09 04:25:44,920 - WARNING - Compiled the loaded model, but the compiled metrics have yet to be built. `model.compile_metrics` will be empty until you train or evaluate the model.
2025-06-09 04:25:45,239 - WARNING - Compiled the loaded model, but the compiled metrics have yet to be built. `model.compile_metrics` will be empty until you train or evaluate the model.
2025-06-09 04:25:49,045 - WARNING - Compiled the loaded model, but the compiled metrics have yet to be built. `model.compile_metrics` will be empty until you train or evaluate the model.
2025-06-09 04:25:49,244 - WARNING - Compiled the loaded model, but the compiled metrics have yet to be built. `model.compile_metrics` will be empty until you train or evaluate the model.
2025-06-09 04:26:10,192 - WARNING - Compiled the loaded model, but the compiled metrics have yet to be built. `model.compile_metrics` will be empty until you train or evaluate the model.
2025-06-09 04:26:10,443 - WARNING - Compiled the loaded model, but the compiled metrics have yet to be built. `model.compile_metrics` will be empty until you train or evaluate the model.
2025-06-09 04:27:19,453 - WARNING - Compiled the loaded model, but the compiled metrics have yet to be built. `model.compile_metrics` will be empty until you train or evaluate the model.
2025-06-09 04:27:19,730 - WARNING - Compiled the loaded model, but the compiled metrics have yet to be built. `model.compile_metrics` will be empty until you train or evaluate the model.
2025-06-09 04:28:11,795 - WARNING - 5 out of the last 6 calls to <function TensorFlowTrainer.make_predict_function.<locals>.one_step_on_data_distributed at 0x000001DF15E95D80> triggered tf.function retracing. Tracing is expensive and the excessive number of tracings could be due to (1) creating @tf.function repeatedly in a loop, (2) passing tensors with different shapes, (3) passing Python objects instead of tensors. For (1), please define your @tf.function outside of the loop. For (2), @tf.function has reduce_retracing=True option that can avoid unnecessary retracing. For (3), please refer to https://www.tensorflow.org/guide/function#controlling_retracing and https://www.tensorflow.org/api_docs/python/tf/function for  more details.
2025-06-09 04:28:11,821 - INFO - Single prediction input=[320.5, 0.2, 0.45, 0.4, 0.85, 0.5, 0.7, 0.6, 0.3, 0.9, 0.25, 0.6, 0.9, 0.3, 0.0, 0.0, 0.1, 0.2, 0.4, 0.3, 0.4, 0.3, 0.2, 0.1, 0.8, 0.0, 0.0, 0.1, 0.3], result={'fraud_detected': True, 'dense_score': 0.0, 'autoencoder_error': 954.7787235894485, 'lstm_score': 0.359338641166687}
2025-06-09 04:28:11,845 - INFO - Single prediction input=[320.5, 0.2, 0.45, 0.4, 0.85, 0.5, 0.7, 0.6, 0.3, 0.9, 0.25, 0.6, 0.9, 0.3, 0.0, 0.0, 0.1, 0.2, 0.4, 0.3, 0.4, 0.3, 0.2, 0.1, 0.8, 0.0, 0.0, 0.1, 0.3], result={'fraud_detected': True, 'dense_score': 0.0, 'autoencoder_error': 954.7787235894485, 'lstm_score': 0.359338641166687}
2025-06-09 04:28:21,824 - INFO - Single prediction input=[1500.0, 0.1, 0.9, 0.1, 0.9, 0.8, 0.3, 0.2, 0.8, 1.0, 0.9, 0.4, 0.1, 0.1, 0.0, 1.0, 1.0, 0.9, 0.95, 1.0, 0.9, 0.8, 0.9, 0.1, 0.2, 1.0, 0.95, 0.8, 0.95], result={'fraud_detected': True, 'dense_score': 0.0, 'autoencoder_error': 21128.381615633007, 'lstm_score': 0.3990548849105835}
2025-06-09 04:30:33,539 - WARNING - Compiled the loaded model, but the compiled metrics have yet to be built. `model.compile_metrics` will be empty until you train or evaluate the model.
2025-06-09 04:30:33,882 - WARNING - Compiled the loaded model, but the compiled metrics have yet to be built. `model.compile_metrics` will be empty until you train or evaluate the model.
2025-06-09 04:31:19,101 - WARNING - Compiled the loaded model, but the compiled metrics have yet to be built. `model.compile_metrics` will be empty until you train or evaluate the model.
2025-06-09 04:31:19,356 - WARNING - Compiled the loaded model, but the compiled metrics have yet to be built. `model.compile_metrics` will be empty until you train or evaluate the model.
2025-06-09 04:32:09,106 - INFO - Single prediction input=[320.5, 0.2, 0.45, 0.4, 0.85, 0.5, 0.7, 0.6, 0.3, 0.9, 0.25, 0.6, 0.9, 0.3, 0.0, 0.0, 0.1, 0.2, 0.4, 0.3, 0.4, 0.3, 0.2, 0.1, 0.8, 0.0, 0.0, 0.1, 0.3], result={'fraud_detected': True, 'dense_score': 0.0, 'autoencoder_error': 954.7787235894485, 'lstm_score': 0.359338641166687}
2025-06-09 04:32:19,319 - INFO - Single prediction input=[40.1, 0.6, 0.7, 0.3, 0.2, 0.1, 0.1, 0.8, 0.7, 0.0, 0.6, 0.3, 0.2, 0.9, 1.0, 0.9, 0.6, 0.5, 0.9, 0.7, 0.2, 0.6, 0.5, 0.0, 0.5, 0.9, 0.7, 0.2, 0.8], result={'fraud_detected': True, 'dense_score': 0.0, 'autoencoder_error': 14.714151990922838, 'lstm_score': 0.3610212802886963}
2025-06-09 04:35:25,732 - INFO - Single prediction input=[1000.0, 0.7400000000000004, 0.10999999999999999, 0.11999999999999998, 0.10999999999999999, 0.10999999999999999, 1.0, 0.12999999999999998, 0.10999999999999999, 0.0, 0.11999999999999998, 0.15, 0.21000000000000005, 0.11999999999999998, 0.17, 0.17, 0.13999999999999999, 0.22000000000000006, 0.11999999999999998, 0.12999999999999998, 0.11999999999999998, 0.09999999999999999, 0.03, 0.11999999999999998, 0.11999999999999998, 0.10999999999999999, 0.11999999999999998, 0.10999999999999999, 0.10999999999999999], result={'fraud_detected': True, 'dense_score': 0.0, 'autoencoder_error': 9377.563580271239, 'lstm_score': 0.39043062925338745}
2025-06-09 04:35:44,895 - INFO - Single prediction input=[0.0, 0.7400000000000004, 0.10999999999999999, 0.11999999999999998, 0.10999999999999999, 0.10999999999999999, 1.0, 0.12999999999999998, 0.10999999999999999, 0.0, 0.11999999999999998, 0.15, 0.21000000000000005, 0.11999999999999998, 0.17, 0.17, 0.13999999999999999, 0.22000000000000006, 0.11999999999999998, 0.12999999999999998, 0.11999999999999998, 0.09999999999999999, 0.03, 0.11999999999999998, 0.11999999999999998, 0.10999999999999999, 0.11999999999999998, 0.10999999999999999, 0.10999999999999999], result={'fraud_detected': True, 'dense_score': 2.221618160547223e-06, 'autoencoder_error': 0.10743954165741294, 'lstm_score': 0.3682996332645416}
2025-06-09 04:37:05,220 - WARNING - Compiled the loaded model, but the compiled metrics have yet to be built. `model.compile_metrics` will be empty until you train or evaluate the model.
2025-06-09 04:37:05,563 - WARNING - Compiled the loaded model, but the compiled metrics have yet to be built. `model.compile_metrics` will be empty until you train or evaluate the model.
2025-06-09 04:37:08,742 - WARNING - Compiled the loaded model, but the compiled metrics have yet to be built. `model.compile_metrics` will be empty until you train or evaluate the model.
2025-06-09 04:37:08,966 - WARNING - Compiled the loaded model, but the compiled metrics have yet to be built. `model.compile_metrics` will be empty until you train or evaluate the model.
2025-06-09 04:38:16,175 - WARNING - Compiled the loaded model, but the compiled metrics have yet to be built. `model.compile_metrics` will be empty until you train or evaluate the model.
2025-06-09 04:38:16,416 - WARNING - Compiled the loaded model, but the compiled metrics have yet to be built. `model.compile_metrics` will be empty until you train or evaluate the model.
2025-06-09 04:41:05,587 - WARNING - 5 out of the last 6 calls to <function TensorFlowTrainer.make_predict_function.<locals>.one_step_on_data_distributed at 0x000001EB77D75870> triggered tf.function retracing. Tracing is expensive and the excessive number of tracings could be due to (1) creating @tf.function repeatedly in a loop, (2) passing tensors with different shapes, (3) passing Python objects instead of tensors. For (1), please define your @tf.function outside of the loop. For (2), @tf.function has reduce_retracing=True option that can avoid unnecessary retracing. For (3), please refer to https://www.tensorflow.org/guide/function#controlling_retracing and https://www.tensorflow.org/api_docs/python/tf/function for  more details.
2025-06-09 04:41:05,631 - INFO - Single prediction input=[320.5, 0.2, 0.45, 0.4, 0.85, 0.5, 0.7, 0.6, 0.3, 0.9, 0.25, 0.6, 0.9, 0.3, 0.0, 0.0, 0.1, 0.2, 0.4, 0.3, 0.4, 0.3, 0.2, 0.1, 0.8, 0.0, 0.0, 0.1, 0.3], result={'fraud_detected': True, 'dense_score': 0.0, 'autoencoder_error': 954.7787235894485, 'lstm_score': 0.359338641166687}
2025-06-09 04:41:05,637 - INFO - Single prediction input=[320.5, 0.2, 0.45, 0.4, 0.85, 0.5, 0.7, 0.6, 0.3, 0.9, 0.25, 0.6, 0.9, 0.3, 0.0, 0.0, 0.1, 0.2, 0.4, 0.3, 0.4, 0.3, 0.2, 0.1, 0.8, 0.0, 0.0, 0.1, 0.3], result={'fraud_detected': True, 'dense_score': 0.0, 'autoencoder_error': 954.7787235894485, 'lstm_score': 0.359338641166687}
2025-06-09 04:41:17,896 - INFO - Single prediction input=[1500.0, 0.1, 0.9, 0.1, 0.9, 0.8, 0.3, 0.2, 0.8, 1.0, 0.9, 0.4, 0.1, 0.1, 0.0, 1.0, 1.0, 0.9, 0.95, 1.0, 0.9, 0.8, 0.9, 0.1, 0.2, 1.0, 0.95, 0.8, 0.95], result={'fraud_detected': True, 'dense_score': 0.0, 'autoencoder_error': 21128.381615633007, 'lstm_score': 0.3990548849105835}
2025-06-09 04:41:56,723 - WARNING - Compiled the loaded model, but the compiled metrics have yet to be built. `model.compile_metrics` will be empty until you train or evaluate the model.
2025-06-09 04:41:56,953 - WARNING - Compiled the loaded model, but the compiled metrics have yet to be built. `model.compile_metrics` will be empty until you train or evaluate the model.
2025-06-09 04:42:19,712 - WARNING - Compiled the loaded model, but the compiled metrics have yet to be built. `model.compile_metrics` will be empty until you train or evaluate the model.
2025-06-09 04:42:19,976 - WARNING - Compiled the loaded model, but the compiled metrics have yet to be built. `model.compile_metrics` will be empty until you train or evaluate the model.
2025-06-09 04:43:31,405 - INFO - Single prediction input=[320.5, 0.2, 0.45, 0.4, 0.85, 0.5, 0.7, 0.6, 0.3, 0.9, 0.25, 0.6, 0.9, 0.3, 0.0, 0.0, 0.1, 0.2, 0.4, 0.3, 0.4, 0.3, 0.2, 0.1, 0.8, 0.0, 0.0, 0.1, 0.3], result={'fraud_detected': True, 'dense_score': 0.0, 'autoencoder_error': 954.7787235894485, 'lstm_score': 0.359338641166687}
2025-06-09 04:43:43,973 - INFO - Single prediction input=[1500.0, 0.1, 0.9, 0.1, 0.9, 0.8, 0.3, 0.2, 0.8, 1.0, 0.9, 0.4, 0.1, 0.1, 0.0, 1.0, 1.0, 0.9, 0.95, 1.0, 0.9, 0.8, 0.9, 0.1, 0.2, 1.0, 0.95, 0.8, 0.95], result={'fraud_detected': True, 'dense_score': 0.0, 'autoencoder_error': 21128.381615633007, 'lstm_score': 0.3990548849105835}
2025-06-09 04:43:54,067 - INFO - Single prediction input=[0.0, 0.0, 0.0, 0.0, 0.0, 0.0, 0.0, 0.0, 0.0, 0.0, 0.0, 0.0, 0.0, 0.0, 0.0, 0.0, 0.0, 0.0, 0.0, 0.0, 0.0, 0.0, 0.0, 0.0, 0.0, 0.0, 0.0, 0.0, 0.0], result={'fraud_detected': False, 'dense_score': 0.3951365649700165, 'autoencoder_error': 0.052231761109503665, 'lstm_score': 0.3694218695163727}
2025-06-09 04:47:35,401 - INFO - Single prediction input=[10.0, 0.15, 0.20000000000000004, 0.09, 0.11999999999999998, 0.10999999999999999, 0.17, 0.10999999999999999, 0.060000000000000005, 0.08, 0.12999999999999998, 0.060000000000000005, 0.060000000000000005, 0.060000000000000005, 0.2900000000000001, 0.09, 0.04, 0.04, 0.13999999999999999, 0.05, 0.11999999999999998, 0.13999999999999999, 0.05, 0.10999999999999999, 0.060000000000000005, 0.12999999999999998, 0.11999999999999998, 0.060000000000000005, 0.11999999999999998], result={'fraud_detected': True, 'dense_score': 0.0, 'autoencoder_error': 0.8992686352846417, 'lstm_score': 0.3674216568470001}
2025-06-09 04:49:16,059 - INFO - Single prediction input=[1.0, 0.15, 0.20000000000000004, 0.09, 1.0, 5.0, 0.17, 0.10999999999999999, 0.060000000000000005, 0.08, 1.0, 0.060000000000000005, 0.060000000000000005, 0.060000000000000005, 0.2900000000000001, 1.09, 0.04, 0.04, 0.13999999999999999, 5.0, 0.11999999999999998, 0.13999999999999999, 0.05, 0.10999999999999999, 0.060000000000000005, 0.12999999999999998, 10.0, 0.060000000000000005, 0.11999999999999998], result={'fraud_detected': True, 'dense_score': 0.0, 'autoencoder_error': 20.17852177313699, 'lstm_score': 0.3663165271282196}
2025-06-10 12:28:27,284 - WARNING - Compiled the loaded model, but the compiled metrics have yet to be built. `model.compile_metrics` will be empty until you train or evaluate the model.
2025-06-10 12:28:28,390 - WARNING - Compiled the loaded model, but the compiled metrics have yet to be built. `model.compile_metrics` will be empty until you train or evaluate the model.
2025-06-10 12:30:31,637 - INFO - Single prediction input=[320.5, 0.2, 0.45, 0.4, 0.85, 0.5, 0.7, 0.6, 0.3, 0.9, 0.25, 0.6, 0.9, 0.3, 0.0, 0.0, 0.1, 0.2, 0.4, 0.3, 0.4, 0.3, 0.2, 0.1, 0.8, 0.0, 0.0, 0.1, 0.3], result={'fraud_detected': True, 'dense_score': 0.0, 'autoencoder_error': 954.7787235894485, 'lstm_score': 0.359338641166687}
2025-06-10 12:30:41,121 - INFO - Single prediction input=[40.1, 0.6, 0.7, 0.3, 0.2, 0.1, 0.1, 0.8, 0.7, 0.0, 0.6, 0.3, 0.2, 0.9, 1.0, 0.9, 0.6, 0.5, 0.9, 0.7, 0.2, 0.6, 0.5, 0.0, 0.5, 0.9, 0.7, 0.2, 0.8], result={'fraud_detected': True, 'dense_score': 0.0, 'autoencoder_error': 14.714151990922838, 'lstm_score': 0.3610212802886963}
2025-06-10 12:30:53,790 - INFO - Single prediction input=[1500.0, 0.1, 0.9, 0.1, 0.9, 0.8, 0.3, 0.2, 0.8, 1.0, 0.9, 0.4, 0.1, 0.1, 0.0, 1.0, 1.0, 0.9, 0.95, 1.0, 0.9, 0.8, 0.9, 0.1, 0.2, 1.0, 0.95, 0.8, 0.95], result={'fraud_detected': True, 'dense_score': 0.0, 'autoencoder_error': 21128.381615633007, 'lstm_score': 0.3990548849105835}
2025-06-10 12:31:03,617 - INFO - Single prediction input=[12.0, 0.4, 0.3, 0.6, 0.6, 0.4, 0.5, 0.5, 0.2, 0.4, 0.3, 0.2, 0.5, 0.6, 0.3, 0.1, 0.2, 0.2, 0.4, 0.2, 0.3, 0.4, 0.3, 0.0, 0.9, 0.1, 0.1, 0.1, 0.2], result={'fraud_detected': True, 'dense_score': 0.0, 'autoencoder_error': 1.4454750869123663, 'lstm_score': 0.3656717836856842}
2025-06-10 12:33:45,586 - INFO - Single prediction input=[250.0, 0.3, 0.6, 0.7, 0.4, 0.6, 0.6, 0.7, 0.5, 0.3, 0.7, 0.7, 0.8, 0.2, 0.5, 0.4, 0.4, 0.3, 0.3, 0.6, 0.5, 0.6, 0.5, 0.0, 0.6, 0.5, 0.4, 0.2, 0.6], result={'fraud_detected': True, 'dense_score': 0.0, 'autoencoder_error': 580.8571408498697, 'lstm_score': 0.3564293086528778}
2025-06-10 12:56:02,753 - INFO - Single prediction input=[100.56, 2.0, 1.0, 1.0, 0.0, 2.5, 0.0, 1.0, 5.0, 0.0, 1.0, 0.23, 5.0, 0.8, 2.3, 0.93, 3.0, 0.13, 3.2, 4.0, 0.23, 0.8, 4.8, 5.0, 1.0, 0.28, 10.0, 0.0, 1.0], result={'fraud_detected': True, 'dense_score': 0.0, 'autoencoder_error': 119.30719657057197, 'lstm_score': 0.34451624751091003}
2025-06-10 12:56:24,332 - INFO - Single prediction input=[100.56, 2.0, 1.0, 1.0, 0.0, 2.5, 0.0, 1.0, 5.0, 0.0, 1.0, 0.23, 5.0, 0.8, 2.3, 0.93, 3.0, 0.13, 3.2, 4.0, 0.23, 0.8, 4.8, 5.0, 1.0, 0.28, 0.0, 0.0, 1.0], result={'fraud_detected': True, 'dense_score': 0.0, 'autoencoder_error': 98.33141471778586, 'lstm_score': 0.34612300992012024}
2025-06-10 12:58:58,835 - INFO - Single prediction input=[100.56, 1.1, 0.8399999999999999, 1.0, 0.0, 0.5, 0.0, 1.0, 0.0, 0.0, 1.0, 0.23, 5.0, 0.8, 1.710000000000006, 0.93, 3.0, 0.13, 0.2, 4.0, 0.23, 0.8, 4.8, 1.0, 1.0, 0.28, 0.0, 0.0, 1.0], result={'fraud_detected': True, 'dense_score': 0.0, 'autoencoder_error': 96.52397346165168, 'lstm_score': 0.3534640669822693}
2025-06-10 12:59:17,652 - INFO - Single prediction input=[10.56, 1.1, 0.8399999999999999, 1.0, 0.0, 0.5, 0.0, 1.0, 0.0, 0.0, 1.0, 0.23, 5.0, 0.8, 1.710000000000006, 0.93, 3.0, 0.13, 0.2, 4.0, 0.23, 0.8, 4.8, 1.0, 1.0, 0.28, 0.0, 0.0, 1.0], result={'fraud_detected': True, 'dense_score': 0.0, 'autoencoder_error': 5.116933927463576, 'lstm_score': 0.3603258728981018}
2025-06-10 13:03:10,820 - WARNING - Compiled the loaded model, but the compiled metrics have yet to be built. `model.compile_metrics` will be empty until you train or evaluate the model.
2025-06-10 13:03:10,830 - WARNING - Compiled the loaded model, but the compiled metrics have yet to be built. `model.compile_metrics` will be empty until you train or evaluate the model.
2025-06-10 13:03:11,149 - WARNING - Compiled the loaded model, but the compiled metrics have yet to be built. `model.compile_metrics` will be empty until you train or evaluate the model.
2025-06-10 13:03:11,159 - WARNING - Compiled the loaded model, but the compiled metrics have yet to be built. `model.compile_metrics` will be empty until you train or evaluate the model.
2025-06-10 13:19:59,714 - INFO - Single prediction input=[1.56, 1.1, 0.8399999999999999, 1.0, 0.0, 0.5, 0.0, 1.0, 0.0, 0.0, 1.0, 0.23, 5.0, 0.8, 1.710000000000006, 0.93, 3.0, 0.13, 0.2, 4.0, 0.23, 0.8, 4.8, 1.0, 1.0, 0.28, 0.0, 0.0, 1.0], result={'fraud_detected': True, 'dense_score': 0.0, 'autoencoder_error': 4.18706524396377, 'lstm_score': 0.36130860447883606}
2025-06-10 13:20:15,272 - INFO - Single prediction input=[0.0, 1.1, 0.8399999999999999, 1.0, 0.0, 0.5, 0.0, 1.0, 0.0, 0.0, 1.0, 0.23, 5.0, 0.8, 1.710000000000006, 0.93, 3.0, 0.13, 0.2, 4.0, 0.23, 0.8, 4.8, 1.0, 1.0, 0.28, 0.0, 0.0, 1.0], result={'fraud_detected': True, 'dense_score': 0.0, 'autoencoder_error': 4.204549369077998, 'lstm_score': 0.36148443818092346}
2025-06-10 13:21:32,419 - WARNING - Compiled the loaded model, but the compiled metrics have yet to be built. `model.compile_metrics` will be empty until you train or evaluate the model.
2025-06-10 13:21:32,817 - WARNING - Compiled the loaded model, but the compiled metrics have yet to be built. `model.compile_metrics` will be empty until you train or evaluate the model.
2025-06-10 13:24:28,902 - INFO - Single prediction input=[100.17, 0.18000000000000002, 0.18000000000000002, 0.18000000000000002, 0.13999999999999999, 0.09999999999999999, 0.17, 0.18000000000000002, 0.18000000000000002, 0.19000000000000003, 0.5000000000000002, 0.47000000000000025, 0.38000000000000017, 0.0, 0.0, 0.0, 0.0, 0.0, 0.07, 0.0, 0.0, 0.07, 0.0, 0.0, 0.12999999999999998, 0.0, 0.0, 0.18000000000000002, 0.03], result={'fraud_detected': True, 'dense_score': 0.0, 'autoencoder_error': 91.48308139822396, 'lstm_score': 0.36053431034088135}
2025-06-10 13:29:33,951 - WARNING - Compiled the loaded model, but the compiled metrics have yet to be built. `model.compile_metrics` will be empty until you train or evaluate the model.
2025-06-10 13:29:34,314 - WARNING - Compiled the loaded model, but the compiled metrics have yet to be built. `model.compile_metrics` will be empty until you train or evaluate the model.
2025-06-10 13:30:08,943 - WARNING - Compiled the loaded model, but the compiled metrics have yet to be built. `model.compile_metrics` will be empty until you train or evaluate the model.
2025-06-10 13:30:09,174 - WARNING - Compiled the loaded model, but the compiled metrics have yet to be built. `model.compile_metrics` will be empty until you train or evaluate the model.
2025-06-10 13:31:37,629 - INFO - Single prediction input=[320.5, 0.2, 0.45, 0.4, 0.85, 0.5, 0.7, 0.6, 0.3, 0.9, 0.25, 0.6, 0.9, 0.3, 0.0, 0.0, 0.1, 0.2, 0.4, 0.3, 0.4, 0.3, 0.2, 0.1, 0.8, 0.0, 0.0, 0.1, 0.3], result={'fraud_detected': True, 'dense_score': 0.0, 'autoencoder_error': 954.7787235894485, 'lstm_score': 0.359338641166687}
2025-06-10 13:32:01,981 - INFO - Single prediction input=[40.1, 0.6, 0.7, 0.3, 0.2, 0.1, 0.1, 0.8, 0.7, 0.0, 0.6, 0.3, 0.2, 0.9, 1.0, 0.9, 0.6, 0.5, 0.9, 0.7, 0.2, 0.6, 0.5, 0.0, 0.5, 0.9, 0.7, 0.2, 0.8], result={'fraud_detected': True, 'dense_score': 0.0, 'autoencoder_error': 14.714151990922838, 'lstm_score': 0.3610212802886963}
2025-06-10 13:32:28,117 - INFO - Single prediction input=[1500.0, 0.1, 0.9, 0.1, 0.9, 0.8, 0.3, 0.2, 0.8, 1.0, 0.9, 0.4, 0.1, 0.1, 0.0, 1.0, 1.0, 0.9, 0.95, 1.0, 0.9, 0.8, 0.9, 0.1, 0.2, 1.0, 0.95, 0.8, 0.95], result={'fraud_detected': True, 'dense_score': 0.0, 'autoencoder_error': 21128.381615633007, 'lstm_score': 0.3990548849105835}
2025-06-10 13:32:44,541 - INFO - Single prediction input=[12.0, 0.4, 0.3, 0.6, 0.6, 0.4, 0.5, 0.5, 0.2, 0.4, 0.3, 0.2, 0.5, 0.6, 0.3, 0.1, 0.2, 0.2, 0.4, 0.2, 0.3, 0.4, 0.3, 0.0, 0.9, 0.1, 0.1, 0.1, 0.2], result={'fraud_detected': True, 'dense_score': 0.0, 'autoencoder_error': 1.4454750869123663, 'lstm_score': 0.3656717836856842}
2025-06-10 13:33:03,072 - INFO - Single prediction input=[250.0, 0.3, 0.6, 0.7, 0.4, 0.6, 0.6, 0.7, 0.5, 0.3, 0.7, 0.7, 0.8, 0.2, 0.5, 0.4, 0.4, 0.3, 0.3, 0.6, 0.5, 0.6, 0.5, 0.0, 0.6, 0.5, 0.4, 0.2, 0.6], result={'fraud_detected': True, 'dense_score': 0.0, 'autoencoder_error': 580.8571408498697, 'lstm_score': 0.3564293086528778}
2025-06-10 13:45:46,251 - INFO - Single prediction input=[0.0, 0.0, 0.0, 0.0, 0.0, 0.0, 0.0, 0.0, 0.0, 0.0, 0.0, 0.0, 0.0, 0.0, 0.0, 0.0, 0.0, 0.0, 0.0, 0.0, 0.0, 0.0, 0.0, 0.0, 0.0, 0.0, 0.0, 0.0, 0.0], result={'fraud_detected': True, 'dense_score': 0.3951365649700165, 'autoencoder_error': 0.052231761109503665, 'lstm_score': 0.3694218695163727}
2025-06-10 13:51:22,788 - WARNING - Compiled the loaded model, but the compiled metrics have yet to be built. `model.compile_metrics` will be empty until you train or evaluate the model.
2025-06-10 13:51:23,159 - WARNING - Compiled the loaded model, but the compiled metrics have yet to be built. `model.compile_metrics` will be empty until you train or evaluate the model.
2025-06-10 13:57:14,900 - WARNING - Compiled the loaded model, but the compiled metrics have yet to be built. `model.compile_metrics` will be empty until you train or evaluate the model.
2025-06-10 13:57:15,198 - WARNING - Compiled the loaded model, but the compiled metrics have yet to be built. `model.compile_metrics` will be empty until you train or evaluate the model.
2025-06-10 13:59:22,997 - INFO - Single prediction input=[320.5, 0.2, 0.45, 0.4, 0.85, 0.5, 0.7, 0.6, 0.3, 0.9, 0.25, 0.6, 0.9, 0.3, 0.0, 0.0, 0.1, 0.2, 0.4, 0.3, 0.4, 0.3, 0.2, 0.1, 0.8, 0.0, 0.0, 0.1, 0.3], result={'fraud_detected': True, 'dense_score': 0.0, 'autoencoder_error': 954.7787235894485, 'lstm_score': 0.359338641166687}
2025-06-10 13:59:37,095 - INFO - Single prediction input=[1500.0, 0.1, 0.9, 0.1, 0.9, 0.8, 0.3, 0.2, 0.8, 1.0, 0.9, 0.4, 0.1, 0.1, 0.0, 1.0, 1.0, 0.9, 0.95, 1.0, 0.9, 0.8, 0.9, 0.1, 0.2, 1.0, 0.95, 0.8, 0.95], result={'fraud_detected': True, 'dense_score': 0.0, 'autoencoder_error': 21128.381615633007, 'lstm_score': 0.3990548849105835}
2025-06-10 13:59:44,552 - INFO - Single prediction input=[1500.0, 0.1, 0.9, 0.1, 0.9, 0.8, 0.3, 0.2, 0.8, 1.0, 0.9, 0.4, 0.1, 0.1, 0.0, 1.0, 1.0, 0.9, 0.95, 1.0, 0.9, 0.8, 0.9, 0.1, 0.2, 1.0, 0.95, 0.8, 0.95], result={'fraud_detected': True, 'dense_score': 0.0, 'autoencoder_error': 21128.381615633007, 'lstm_score': 0.3990548849105835}
2025-06-10 14:00:00,949 - INFO - Single prediction input=[12.0, 0.4, 0.3, 0.6, 0.6, 0.4, 0.5, 0.5, 0.2, 0.4, 0.3, 0.2, 0.5, 0.6, 0.3, 0.1, 0.2, 0.2, 0.4, 0.2, 0.3, 0.4, 0.3, 0.0, 0.9, 0.1, 0.1, 0.1, 0.2], result={'fraud_detected': True, 'dense_score': 0.0, 'autoencoder_error': 1.4454750869123663, 'lstm_score': 0.3656717836856842}
2025-06-10 18:10:15,444 - WARNING - Compiled the loaded model, but the compiled metrics have yet to be built. `model.compile_metrics` will be empty until you train or evaluate the model.
2025-06-10 18:10:16,657 - WARNING - Compiled the loaded model, but the compiled metrics have yet to be built. `model.compile_metrics` will be empty until you train or evaluate the model.
2025-06-10 18:10:52,633 - WARNING - Compiled the loaded model, but the compiled metrics have yet to be built. `model.compile_metrics` will be empty until you train or evaluate the model.
2025-06-10 18:10:53,445 - WARNING - Compiled the loaded model, but the compiled metrics have yet to be built. `model.compile_metrics` will be empty until you train or evaluate the model.
2025-06-10 18:16:39,466 - WARNING - Compiled the loaded model, but the compiled metrics have yet to be built. `model.compile_metrics` will be empty until you train or evaluate the model.
2025-06-10 18:16:39,734 - WARNING - Compiled the loaded model, but the compiled metrics have yet to be built. `model.compile_metrics` will be empty until you train or evaluate the model.
2025-06-10 18:18:05,516 - WARNING - Compiled the loaded model, but the compiled metrics have yet to be built. `model.compile_metrics` will be empty until you train or evaluate the model.
2025-06-10 18:18:05,819 - WARNING - Compiled the loaded model, but the compiled metrics have yet to be built. `model.compile_metrics` will be empty until you train or evaluate the model.
2025-06-10 18:24:23,808 - WARNING - Compiled the loaded model, but the compiled metrics have yet to be built. `model.compile_metrics` will be empty until you train or evaluate the model.
2025-06-10 18:24:24,345 - WARNING - Compiled the loaded model, but the compiled metrics have yet to be built. `model.compile_metrics` will be empty until you train or evaluate the model.
2025-06-10 18:24:24,345 - WARNING - Compiled the loaded model, but the compiled metrics have yet to be built. `model.compile_metrics` will be empty until you train or evaluate the model.
2025-06-10 18:26:21,986 - WARNING - 5 out of the last 5 calls to <function TensorFlowTrainer.make_predict_function.<locals>.one_step_on_data_distributed at 0x000001C50835A4D0> triggered tf.function retracing. Tracing is expensive and the excessive number of tracings could be due to (1) creating @tf.function repeatedly in a loop, (2) passing tensors with different shapes, (3) passing Python objects instead of tensors. For (1), please define your @tf.function outside of the loop. For (2), @tf.function has reduce_retracing=True option that can avoid unnecessary retracing. For (3), please refer to https://www.tensorflow.org/guide/function#controlling_retracing and https://www.tensorflow.org/api_docs/python/tf/function for  more details.
2025-06-10 18:26:21,986 - WARNING - 6 out of the last 6 calls to <function TensorFlowTrainer.make_predict_function.<locals>.one_step_on_data_distributed at 0x000001C50835A4D0> triggered tf.function retracing. Tracing is expensive and the excessive number of tracings could be due to (1) creating @tf.function repeatedly in a loop, (2) passing tensors with different shapes, (3) passing Python objects instead of tensors. For (1), please define your @tf.function outside of the loop. For (2), @tf.function has reduce_retracing=True option that can avoid unnecessary retracing. For (3), please refer to https://www.tensorflow.org/guide/function#controlling_retracing and https://www.tensorflow.org/api_docs/python/tf/function for  more details.
2025-06-10 18:26:22,055 - INFO - Single prediction input=[0.0, 0.0, 0.0, 0.0, 0.0, 0.0, 0.0, 0.0, 0.0, 0.0, 0.0, 0.0, 0.0, 0.0, 0.0, 0.0, 0.0, 0.0, 0.0, 0.0, 0.0, 0.0, 0.0, 0.0, 0.0, 0.0, 0.0, 0.0, 0.0], result={'fraud_detected': False, 'dense_score': 0.3951365649700165, 'autoencoder_error': 0.052231761109503665, 'lstm_score': 0.3694218695163727}
2025-06-10 18:26:26,215 - INFO - Single prediction input=[0.0, 0.0, 0.0, 0.0, 0.0, 0.0, 0.0, 0.0, 0.0, 0.0, 0.0, 0.0, 0.0, 0.0, 0.0, 0.0, 0.0, 0.0, 0.0, 0.0, 0.0, 0.0, 0.0, 0.0, 0.0, 0.0, 0.0, 0.0, 0.0], result={'fraud_detected': False, 'dense_score': 0.3951365649700165, 'autoencoder_error': 0.052231761109503665, 'lstm_score': 0.3694218695163727}
